<?xml version="1.0" encoding="UTF-8"?>
<!-- Generated by org.testng.reporters.JUnitReportReporter -->
<testsuite skipped="0" hostname="DESKTOP-OGQ3IB6" name="testcase.TC003_HomePage" tests="1" failures="0" timestamp="2022-08-01T18:08:45 BDT" time="23.925" errors="0">
  <testcase name="homepage" time="23.925" classname="testcase.TC003_HomePage"/>
  <system-out/>
</testsuite> <!-- testcase.TC003_HomePage -->
