<?xml version="1.0" encoding="UTF-8"?>
<!-- Generated by org.testng.reporters.JUnitReportReporter -->
<testsuite skipped="0" hostname="DESKTOP-OGQ3IB6" name="testcase.TC001_Registration" tests="1" failures="0" timestamp="2022-08-01T15:48:36 BDT" time="35.542" errors="0">
  <testcase name="registration" time="35.542" classname="testcase.TC001_Registration"/>
  <system-out/>
</testsuite> <!-- testcase.TC001_Registration -->
