<?xml version="1.0" encoding="UTF-8"?>
<!-- Generated by org.testng.reporters.JUnitReportReporter -->
<testsuite skipped="0" hostname="DESKTOP-OGQ3IB6" name="testcase.TC002_Login" tests="1" failures="0" timestamp="2022-08-07T11:03:27 BDT" time="132.747" errors="0">
  <testcase name="login" time="132.747" classname="testcase.TC002_Login"/>
  <system-out/>
</testsuite> <!-- testcase.TC002_Login -->
