<?xml version="1.0" encoding="UTF-8"?>
<!-- Generated by org.testng.reporters.JUnitReportReporter -->
<testsuite skipped="0" hostname="DESKTOP-OGQ3IB6" name="testcase.TC002_Login" tests="1" failures="0" timestamp="2022-08-01T18:08:45 BDT" time="26.100" errors="0">
  <testcase name="login" time="26.100" classname="testcase.TC002_Login"/>
  <system-out/>
</testsuite> <!-- testcase.TC002_Login -->
