<?xml version="1.0" encoding="UTF-8"?>
<!-- Generated by org.testng.reporters.JUnitReportReporter -->
<testsuite skipped="0" hostname="DESKTOP-OGQ3IB6" name="testcase.TC004_CompleteOrder" tests="1" failures="0" timestamp="2022-08-07T11:03:27 BDT" time="56.627" errors="0">
  <testcase name="completeaorder" time="56.627" classname="testcase.TC004_CompleteOrder"/>
  <system-out/>
</testsuite> <!-- testcase.TC004_CompleteOrder -->
